<?xml version="1.0" encoding="UTF-8"?>
<testsuite name="com.softserve.service.SemesterServiceTest" tests="20" skipped="2" failures="0" errors="0" timestamp="2024-11-11T15:57:47" hostname="DESKTOP-MFEATBC" time="0.082">
  <properties/>
  <testcase name="updateIfUpdatedSemesterDoestNotExists" classname="com.softserve.service.SemesterServiceTest" time="0.035"/>
  <testcase name="updateSemesterAndSetItAsCurrent" classname="com.softserve.service.SemesterServiceTest" time="0.003"/>
  <testcase name="saveSemesterAndSetItAsCurrent" classname="com.softserve.service.SemesterServiceTest" time="0.005"/>
  <testcase name="updateSemesterAndSetItAsDefault" classname="com.softserve.service.SemesterServiceTest" time="0.005"/>
  <testcase name="getDefaultSemesterIfSemesterExists" classname="com.softserve.service.SemesterServiceTest" time="0.002"/>
  <testcase name="saveSemesterAndSetItAsDefault" classname="com.softserve.service.SemesterServiceTest" time="0.004"/>
  <testcase name="addGroupsToSemester" classname="com.softserve.service.SemesterServiceTest" time="0.004"/>
  <testcase name="throwScheduleConflictExceptionIfCurrentSemesterNotFounded" classname="com.softserve.service.SemesterServiceTest" time="0.002"/>
  <testcase name="throwIncorrectTimeExceptionIfUpdatedStartTimeBeginAfterEndTime" classname="com.softserve.service.SemesterServiceTest" time="0.001"/>
  <testcase name="throwEntityAlreadyExistsExceptionIfDescriptionAlreadyExists" classname="com.softserve.service.SemesterServiceTest" time="0.0">
    <skipped/>
  </testcase>
  <testcase name="throwUsedEntityExceptionIfPeriodsHaveLessons" classname="com.softserve.service.SemesterServiceTest" time="0.003"/>
  <testcase name="throwEntityAlreadyExistsExceptionIfUpdatedDescriptionAlreadyExists" classname="com.softserve.service.SemesterServiceTest" time="0.0">
    <skipped/>
  </testcase>
  <testcase name="updateIfUpdatedSemesterHaveDaysWithoutLessons" classname="com.softserve.service.SemesterServiceTest" time="0.006"/>
  <testcase name="getCurrentSemesterIfSemesterExists" classname="com.softserve.service.SemesterServiceTest" time="0.002"/>
  <testcase name="throwUsedEntityExceptionIfDaysHaveLessons" classname="com.softserve.service.SemesterServiceTest" time="0.003"/>
  <testcase name="throwIncorrectTimeExceptionIfStartTimeBeginAfterEndTime" classname="com.softserve.service.SemesterServiceTest" time="0.001"/>
  <testcase name="saveSemesterIfSemesterDoesNotExists" classname="com.softserve.service.SemesterServiceTest" time="0.003"/>
  <testcase name="getSemesterById" classname="com.softserve.service.SemesterServiceTest" time="0.002"/>
  <testcase name="addGroupToSemester" classname="com.softserve.service.SemesterServiceTest" time="0.0"/>
  <testcase name="throwEntityNotFoundExceptionIfSemesterNotFounded" classname="com.softserve.service.SemesterServiceTest" time="0.001"/>
  <system-out><![CDATA[[INFO ] 2024-11-11 17:57:47.482 [Test worker] c.s.s.i.SemesterServiceImpl - Enter into isTimeInvalid  with entity: Semester(id=1, description=2 semester, year=0, startDay=2020-05-11, endDay=2020-06-22, currentSemester=false, defaultSemester=false, daysOfWeek=[TUESDAY, MONDAY], periods=[Period(id=null, startTime=null, endTime=null, name=3 para), Period(id=null, startTime=null, endTime=null, name=2 para), Period(id=null, startTime=null, endTime=null, name=4 para), Period(id=null, startTime=null, endTime=null, name=1 para)], groups=null, disable=false)
[INFO ] 2024-11-11 17:57:47.482 [Test worker] c.s.s.i.SemesterServiceImpl - In isSemesterExists (semesterId = [1],description = [2 semester], year = [0])
[INFO ] 2024-11-11 17:57:47.482 [Test worker] c.s.s.i.SemesterServiceImpl - Enter into isTimeInvalid  with entity: Semester(id=1, description=2 semester, year=0, startDay=2020-05-11, endDay=2020-06-22, currentSemester=true, defaultSemester=false, daysOfWeek=[TUESDAY, MONDAY], periods=[Period(id=null, startTime=null, endTime=null, name=3 para), Period(id=null, startTime=null, endTime=null, name=2 para), Period(id=null, startTime=null, endTime=null, name=4 para), Period(id=null, startTime=null, endTime=null, name=1 para)], groups=null, disable=false)
[INFO ] 2024-11-11 17:57:47.482 [Test worker] c.s.s.i.SemesterServiceImpl - In isSemesterExists (semesterId = [1],description = [2 semester], year = [0])
[INFO ] 2024-11-11 17:57:47.498 [Test worker] c.s.s.i.SemesterServiceImpl - In save(entity = [Semester(id=1, description=1 semester, year=2020, startDay=2020-04-10, endDay=2020-05-10, currentSemester=true, defaultSemester=false, daysOfWeek=[TUESDAY, MONDAY], periods=[Period(id=null, startTime=null, endTime=null, name=3 para), Period(id=null, startTime=null, endTime=null, name=2 para), Period(id=null, startTime=null, endTime=null, name=4 para), Period(id=null, startTime=null, endTime=null, name=1 para)], groups=null, disable=false)]
[INFO ] 2024-11-11 17:57:47.498 [Test worker] c.s.s.i.SemesterServiceImpl - Enter into isTimeInvalid  with entity: Semester(id=1, description=1 semester, year=2020, startDay=2020-04-10, endDay=2020-05-10, currentSemester=true, defaultSemester=false, daysOfWeek=[TUESDAY, MONDAY], periods=[Period(id=null, startTime=null, endTime=null, name=3 para), Period(id=null, startTime=null, endTime=null, name=2 para), Period(id=null, startTime=null, endTime=null, name=4 para), Period(id=null, startTime=null, endTime=null, name=1 para)], groups=null, disable=false)
[INFO ] 2024-11-11 17:57:47.498 [Test worker] c.s.s.i.SemesterServiceImpl - In isSemesterExists (semesterId = [1],description = [1 semester], year = [2020])
[INFO ] 2024-11-11 17:57:47.498 [Test worker] c.s.s.i.SemesterServiceImpl - Enter into isTimeInvalid  with entity: Semester(id=1, description=2 semester, year=0, startDay=2020-05-11, endDay=2020-06-22, currentSemester=false, defaultSemester=true, daysOfWeek=[TUESDAY, MONDAY], periods=[Period(id=null, startTime=null, endTime=null, name=3 para), Period(id=null, startTime=null, endTime=null, name=2 para), Period(id=null, startTime=null, endTime=null, name=4 para), Period(id=null, startTime=null, endTime=null, name=1 para)], groups=null, disable=false)
[INFO ] 2024-11-11 17:57:47.498 [Test worker] c.s.s.i.SemesterServiceImpl - In isSemesterExists (semesterId = [1],description = [2 semester], year = [0])
[INFO ] 2024-11-11 17:57:47.498 [Test worker] c.s.s.i.SemesterServiceImpl - In save(entity = [Semester(id=1, description=1 semester, year=2020, startDay=2020-04-10, endDay=2020-05-10, currentSemester=false, defaultSemester=true, daysOfWeek=[TUESDAY, MONDAY], periods=[Period(id=null, startTime=null, endTime=null, name=3 para), Period(id=null, startTime=null, endTime=null, name=2 para), Period(id=null, startTime=null, endTime=null, name=4 para), Period(id=null, startTime=null, endTime=null, name=1 para)], groups=null, disable=false)]
[INFO ] 2024-11-11 17:57:47.498 [Test worker] c.s.s.i.SemesterServiceImpl - Enter into isTimeInvalid  with entity: Semester(id=1, description=1 semester, year=2020, startDay=2020-04-10, endDay=2020-05-10, currentSemester=false, defaultSemester=true, daysOfWeek=[TUESDAY, MONDAY], periods=[Period(id=null, startTime=null, endTime=null, name=3 para), Period(id=null, startTime=null, endTime=null, name=2 para), Period(id=null, startTime=null, endTime=null, name=4 para), Period(id=null, startTime=null, endTime=null, name=1 para)], groups=null, disable=false)
[INFO ] 2024-11-11 17:57:47.498 [Test worker] c.s.s.i.SemesterServiceImpl - In isSemesterExists (semesterId = [1],description = [1 semester], year = [2020])
[INFO ] 2024-11-11 17:57:47.514 [Test worker] c.s.s.i.SemesterServiceImpl - In addGroupsToSemester (semester = [Semester(id=1, description=1 semester, year=2020, startDay=2020-04-10, endDay=2020-05-10, currentSemester=false, defaultSemester=false, daysOfWeek=null, periods=null, groups=null, disable=false)], groupIds = [[1, 2]])
[INFO ] 2024-11-11 17:57:47.514 [Test worker] c.s.s.i.SemesterServiceImpl - Enter into isTimeInvalid  with entity: Semester(id=1, description=1 semester, year=2020, startDay=2020-03-10, endDay=2020-01-11, currentSemester=false, defaultSemester=false, daysOfWeek=null, periods=null, groups=null, disable=false)
[INFO ] 2024-11-11 17:57:47.514 [Test worker] c.s.s.i.SemesterServiceImpl - Enter into isTimeInvalid  with entity: Semester(id=1, description=1 semester, year=2020, startDay=2020-04-10, endDay=2020-05-10, currentSemester=false, defaultSemester=false, daysOfWeek=[MONDAY], periods=[Period(id=null, startTime=null, endTime=null, name=1 para)], groups=null, disable=false)
[INFO ] 2024-11-11 17:57:47.514 [Test worker] c.s.s.i.SemesterServiceImpl - In isSemesterExists (semesterId = [1],description = [1 semester], year = [2020])
[INFO ] 2024-11-11 17:57:47.514 [Test worker] c.s.s.i.SemesterServiceImpl - Enter into isTimeInvalid  with entity: Semester(id=1, description=1 semester, year=2020, startDay=2020-04-10, endDay=2020-05-10, currentSemester=false, defaultSemester=false, daysOfWeek=[TUESDAY, MONDAY], periods=[Period(id=null, startTime=null, endTime=null, name=1 para)], groups=null, disable=false)
[INFO ] 2024-11-11 17:57:47.514 [Test worker] c.s.s.i.SemesterServiceImpl - In isSemesterExists (semesterId = [1],description = [1 semester], year = [2020])
[INFO ] 2024-11-11 17:57:47.529 [Test worker] c.s.s.i.SemesterServiceImpl - Enter into isTimeInvalid  with entity: Semester(id=1, description=1 semester, year=2020, startDay=2020-04-10, endDay=2020-05-10, currentSemester=false, defaultSemester=false, daysOfWeek=[WEDNESDAY, TUESDAY], periods=[Period(id=null, startTime=null, endTime=null, name=1 para)], groups=null, disable=false)
[INFO ] 2024-11-11 17:57:47.529 [Test worker] c.s.s.i.SemesterServiceImpl - In isSemesterExists (semesterId = [1],description = [1 semester], year = [2020])
[INFO ] 2024-11-11 17:57:47.529 [Test worker] c.s.s.i.SemesterServiceImpl - In save(entity = [Semester(id=1, description=1 semester, year=2020, startDay=2020-04-10, endDay=2020-03-10, currentSemester=false, defaultSemester=false, daysOfWeek=null, periods=null, groups=null, disable=false)]
[INFO ] 2024-11-11 17:57:47.529 [Test worker] c.s.s.i.SemesterServiceImpl - Enter into isTimeInvalid  with entity: Semester(id=1, description=1 semester, year=2020, startDay=2020-04-10, endDay=2020-03-10, currentSemester=false, defaultSemester=false, daysOfWeek=null, periods=null, groups=null, disable=false)
[INFO ] 2024-11-11 17:57:47.529 [Test worker] c.s.s.i.SemesterServiceImpl - In save(entity = [Semester(id=1, description=1 semester, year=2020, startDay=2020-04-10, endDay=2020-05-10, currentSemester=false, defaultSemester=false, daysOfWeek=[TUESDAY, MONDAY], periods=[Period(id=null, startTime=null, endTime=null, name=3 para), Period(id=null, startTime=null, endTime=null, name=2 para), Period(id=null, startTime=null, endTime=null, name=4 para), Period(id=null, startTime=null, endTime=null, name=1 para)], groups=null, disable=false)]
[INFO ] 2024-11-11 17:57:47.529 [Test worker] c.s.s.i.SemesterServiceImpl - Enter into isTimeInvalid  with entity: Semester(id=1, description=1 semester, year=2020, startDay=2020-04-10, endDay=2020-05-10, currentSemester=false, defaultSemester=false, daysOfWeek=[TUESDAY, MONDAY], periods=[Period(id=null, startTime=null, endTime=null, name=3 para), Period(id=null, startTime=null, endTime=null, name=2 para), Period(id=null, startTime=null, endTime=null, name=4 para), Period(id=null, startTime=null, endTime=null, name=1 para)], groups=null, disable=false)
[INFO ] 2024-11-11 17:57:47.529 [Test worker] c.s.s.i.SemesterServiceImpl - In isSemesterExists (semesterId = [1],description = [1 semester], year = [2020])
[INFO ] 2024-11-11 17:57:47.529 [Test worker] c.s.s.i.SemesterServiceImpl - In getById(id = [1])
[INFO ] 2024-11-11 17:57:47.529 [Test worker] c.s.s.i.SemesterServiceImpl - In getById(id = [2])
]]></system-out>
  <system-err><![CDATA[java.lang.instrument.IllegalClassFormatException: Error while instrumenting com/softserve/service/SemesterServiceTest.
	at org.jacoco.agent.rt.internal_3570298.CoverageTransformer.transform(CoverageTransformer.java:94)
	at java.instrument/java.lang.instrument.ClassFileTransformer.transform(ClassFileTransformer.java:244)
	at java.instrument/sun.instrument.TransformerManager.transform(TransformerManager.java:188)
	at java.instrument/sun.instrument.InstrumentationImpl.transform(InstrumentationImpl.java:541)
	at java.base/java.lang.ClassLoader.defineClass1(Native Method)
	at java.base/java.lang.ClassLoader.defineClass(ClassLoader.java:1013)
	at java.base/java.security.SecureClassLoader.defineClass(SecureClassLoader.java:150)
	at java.base/jdk.internal.loader.BuiltinClassLoader.defineClass(BuiltinClassLoader.java:862)
	at java.base/jdk.internal.loader.BuiltinClassLoader.findClassOnClassPathOrNull(BuiltinClassLoader.java:760)
	at java.base/jdk.internal.loader.BuiltinClassLoader.loadClassOrNull(BuiltinClassLoader.java:681)
	at java.base/jdk.internal.loader.BuiltinClassLoader.loadClass(BuiltinClassLoader.java:639)
	at java.base/jdk.internal.loader.ClassLoaders$AppClassLoader.loadClass(ClassLoaders.java:188)
	at java.base/java.lang.ClassLoader.loadClass(ClassLoader.java:521)
	at java.base/java.lang.Class.forName0(Native Method)
	at java.base/java.lang.Class.forName(Class.java:495)
	at java.base/java.lang.Class.forName(Class.java:474)
	at org.gradle.api.internal.tasks.testing.junit.JUnitTestClassExecutor.runTestClass(JUnitTestClassExecutor.java:66)
	at org.gradle.api.internal.tasks.testing.junit.JUnitTestClassExecutor.execute(JUnitTestClassExecutor.java:58)
	at org.gradle.api.internal.tasks.testing.junit.JUnitTestClassExecutor.execute(JUnitTestClassExecutor.java:40)
	at org.gradle.api.internal.tasks.testing.junit.AbstractJUnitTestClassProcessor.processTestClass(AbstractJUnitTestClassProcessor.java:54)
	at org.gradle.api.internal.tasks.testing.SuiteTestClassProcessor.processTestClass(SuiteTestClassProcessor.java:53)
	at java.base/jdk.internal.reflect.DirectMethodHandleAccessor.invoke(DirectMethodHandleAccessor.java:104)
	at java.base/java.lang.reflect.Method.invoke(Method.java:578)
	at org.gradle.internal.dispatch.ReflectionDispatch.dispatch(ReflectionDispatch.java:36)
	at org.gradle.internal.dispatch.ReflectionDispatch.dispatch(ReflectionDispatch.java:24)
	at org.gradle.internal.dispatch.ContextClassLoaderDispatch.dispatch(ContextClassLoaderDispatch.java:33)
	at org.gradle.internal.dispatch.ProxyDispatchAdapter$DispatchingInvocationHandler.invoke(ProxyDispatchAdapter.java:92)
	at jdk.proxy2/jdk.proxy2.$Proxy6.processTestClass(Unknown Source)
	at org.gradle.api.internal.tasks.testing.worker.TestWorker$2.run(TestWorker.java:183)
	at org.gradle.api.internal.tasks.testing.worker.TestWorker.executeAndMaintainThreadName(TestWorker.java:132)
	at org.gradle.api.internal.tasks.testing.worker.TestWorker.execute(TestWorker.java:103)
	at org.gradle.api.internal.tasks.testing.worker.TestWorker.execute(TestWorker.java:63)
	at org.gradle.process.internal.worker.child.ActionExecutionWorker.execute(ActionExecutionWorker.java:56)
	at org.gradle.process.internal.worker.child.SystemApplicationClassLoaderWorker.call(SystemApplicationClassLoaderWorker.java:121)
	at org.gradle.process.internal.worker.child.SystemApplicationClassLoaderWorker.call(SystemApplicationClassLoaderWorker.java:71)
	at worker.org.gradle.process.internal.worker.GradleWorkerMain.run(GradleWorkerMain.java:69)
	at worker.org.gradle.process.internal.worker.GradleWorkerMain.main(GradleWorkerMain.java:74)
Caused by: java.io.IOException: Error while instrumenting com/softserve/service/SemesterServiceTest.
	at org.jacoco.agent.rt.internal_3570298.core.instr.Instrumenter.instrumentError(Instrumenter.java:160)
	at org.jacoco.agent.rt.internal_3570298.core.instr.Instrumenter.instrument(Instrumenter.java:110)
	at org.jacoco.agent.rt.internal_3570298.CoverageTransformer.transform(CoverageTransformer.java:92)
	... 36 more
Caused by: java.lang.IllegalArgumentException: Unsupported class file major version 63
	at org.jacoco.agent.rt.internal_3570298.asm.ClassReader.<init>(ClassReader.java:196)
	at org.jacoco.agent.rt.internal_3570298.asm.ClassReader.<init>(ClassReader.java:177)
	at org.jacoco.agent.rt.internal_3570298.asm.ClassReader.<init>(ClassReader.java:163)
	at org.jacoco.agent.rt.internal_3570298.core.internal.instr.InstrSupport.classReaderFor(InstrSupport.java:280)
	at org.jacoco.agent.rt.internal_3570298.core.instr.Instrumenter.instrument(Instrumenter.java:76)
	at org.jacoco.agent.rt.internal_3570298.core.instr.Instrumenter.instrument(Instrumenter.java:108)
	... 37 more
java.lang.instrument.IllegalClassFormatException: Error while instrumenting com/softserve/exception/UsedEntityException.
	at org.jacoco.agent.rt.internal_3570298.CoverageTransformer.transform(CoverageTransformer.java:94)
	at java.instrument/java.lang.instrument.ClassFileTransformer.transform(ClassFileTransformer.java:244)
	at java.instrument/sun.instrument.TransformerManager.transform(TransformerManager.java:188)
	at java.instrument/sun.instrument.InstrumentationImpl.transform(InstrumentationImpl.java:541)
	at java.base/java.lang.ClassLoader.defineClass1(Native Method)
	at java.base/java.lang.ClassLoader.defineClass(ClassLoader.java:1013)
	at java.base/java.security.SecureClassLoader.defineClass(SecureClassLoader.java:150)
	at java.base/jdk.internal.loader.BuiltinClassLoader.defineClass(BuiltinClassLoader.java:862)
	at java.base/jdk.internal.loader.BuiltinClassLoader.findClassOnClassPathOrNull(BuiltinClassLoader.java:760)
	at java.base/jdk.internal.loader.BuiltinClassLoader.loadClassOrNull(BuiltinClassLoader.java:681)
	at java.base/jdk.internal.loader.BuiltinClassLoader.loadClass(BuiltinClassLoader.java:639)
	at java.base/jdk.internal.loader.ClassLoaders$AppClassLoader.loadClass(ClassLoaders.java:188)
	at java.base/java.lang.ClassLoader.loadClass(ClassLoader.java:521)
	at java.base/java.lang.Class.forName0(Native Method)
	at java.base/java.lang.Class.forName(Class.java:495)
	at java.base/java.lang.Class.forName(Class.java:474)
	at java.base/sun.reflect.generics.factory.CoreReflectionFactory.makeNamedType(CoreReflectionFactory.java:114)
	at java.base/sun.reflect.generics.visitor.Reifier.visitClassTypeSignature(Reifier.java:125)
	at java.base/sun.reflect.generics.tree.ClassTypeSignature.accept(ClassTypeSignature.java:49)
	at java.base/sun.reflect.annotation.AnnotationParser.parseSig(AnnotationParser.java:441)
	at java.base/sun.reflect.annotation.AnnotationParser.parseClassValue(AnnotationParser.java:427)
	at java.base/sun.reflect.annotation.AnnotationParser.parseMemberValue(AnnotationParser.java:346)
	at java.base/sun.reflect.annotation.AnnotationParser.parseAnnotation2(AnnotationParser.java:282)
	at java.base/sun.reflect.annotation.AnnotationParser.parseAnnotations2(AnnotationParser.java:121)
	at java.base/sun.reflect.annotation.AnnotationParser.parseAnnotations(AnnotationParser.java:73)
	at java.base/java.lang.reflect.Executable.declaredAnnotations(Executable.java:625)
	at java.base/java.lang.reflect.Executable.declaredAnnotations(Executable.java:623)
	at java.base/java.lang.reflect.Executable.getDeclaredAnnotations(Executable.java:611)
	at java.base/java.lang.reflect.Method.getDeclaredAnnotations(Method.java:796)
	at java.base/java.lang.reflect.AccessibleObject.getAnnotations(AccessibleObject.java:584)
	at org.junit.runners.model.FrameworkMethod.getAnnotations(FrameworkMethod.java:201)
	at org.junit.runners.model.TestClass.addToAnnotationLists(TestClass.java:84)
	at org.junit.runners.model.TestClass.scanAnnotatedMembers(TestClass.java:66)
	at org.junit.runners.model.TestClass.<init>(TestClass.java:57)
	at org.junit.runners.ParentRunner.createTestClass(ParentRunner.java:111)
	at org.junit.runners.ParentRunner.<init>(ParentRunner.java:91)
	at org.junit.runners.BlockJUnit4ClassRunner.<init>(BlockJUnit4ClassRunner.java:74)
	at org.mockito.internal.runners.DefaultInternalRunner$1.<init>(DefaultInternalRunner.java:28)
	at org.mockito.internal.runners.DefaultInternalRunner.<init>(DefaultInternalRunner.java:28)
	at java.base/jdk.internal.reflect.DirectConstructorHandleAccessor.newInstance(DirectConstructorHandleAccessor.java:67)
	at java.base/java.lang.reflect.Constructor.newInstanceWithCaller(Constructor.java:500)
	at java.base/java.lang.reflect.Constructor.newInstance(Constructor.java:484)
	at org.mockito.internal.runners.util.RunnerProvider.newInstance(RunnerProvider.java:27)
	at org.mockito.internal.runners.RunnerFactory.create(RunnerFactory.java:69)
	at org.mockito.internal.runners.RunnerFactory.createStrict(RunnerFactory.java:40)
	at org.mockito.junit.MockitoJUnitRunner.<init>(MockitoJUnitRunner.java:154)
	at java.base/jdk.internal.reflect.DirectConstructorHandleAccessor.newInstance(DirectConstructorHandleAccessor.java:67)
	at java.base/java.lang.reflect.Constructor.newInstanceWithCaller(Constructor.java:500)
	at java.base/java.lang.reflect.Constructor.newInstance(Constructor.java:484)
	at org.junit.internal.builders.AnnotatedBuilder.buildRunner(AnnotatedBuilder.java:104)
	at org.junit.internal.builders.AnnotatedBuilder.runnerForClass(AnnotatedBuilder.java:86)
	at org.junit.runners.model.RunnerBuilder.safeRunnerForClass(RunnerBuilder.java:70)
	at org.junit.internal.builders.AllDefaultPossibilitiesBuilder.runnerForClass(AllDefaultPossibilitiesBuilder.java:37)
	at org.junit.runners.model.RunnerBuilder.safeRunnerForClass(RunnerBuilder.java:70)
	at org.junit.internal.requests.ClassRequest.createRunner(ClassRequest.java:28)
	at org.junit.internal.requests.MemoizingRequest.getRunner(MemoizingRequest.java:19)
	at org.gradle.api.internal.tasks.testing.junit.JUnitTestClassExecutor.runTestClass(JUnitTestClassExecutor.java:77)
	at org.gradle.api.internal.tasks.testing.junit.JUnitTestClassExecutor.execute(JUnitTestClassExecutor.java:58)
	at org.gradle.api.internal.tasks.testing.junit.JUnitTestClassExecutor.execute(JUnitTestClassExecutor.java:40)
	at org.gradle.api.internal.tasks.testing.junit.AbstractJUnitTestClassProcessor.processTestClass(AbstractJUnitTestClassProcessor.java:54)
	at org.gradle.api.internal.tasks.testing.SuiteTestClassProcessor.processTestClass(SuiteTestClassProcessor.java:53)
	at java.base/jdk.internal.reflect.DirectMethodHandleAccessor.invoke(DirectMethodHandleAccessor.java:104)
	at java.base/java.lang.reflect.Method.invoke(Method.java:578)
	at org.gradle.internal.dispatch.ReflectionDispatch.dispatch(ReflectionDispatch.java:36)
	at org.gradle.internal.dispatch.ReflectionDispatch.dispatch(ReflectionDispatch.java:24)
	at org.gradle.internal.dispatch.ContextClassLoaderDispatch.dispatch(ContextClassLoaderDispatch.java:33)
	at org.gradle.internal.dispatch.ProxyDispatchAdapter$DispatchingInvocationHandler.invoke(ProxyDispatchAdapter.java:92)
	at jdk.proxy2/jdk.proxy2.$Proxy6.processTestClass(Unknown Source)
	at org.gradle.api.internal.tasks.testing.worker.TestWorker$2.run(TestWorker.java:183)
	at org.gradle.api.internal.tasks.testing.worker.TestWorker.executeAndMaintainThreadName(TestWorker.java:132)
	at org.gradle.api.internal.tasks.testing.worker.TestWorker.execute(TestWorker.java:103)
	at org.gradle.api.internal.tasks.testing.worker.TestWorker.execute(TestWorker.java:63)
	at org.gradle.process.internal.worker.child.ActionExecutionWorker.execute(ActionExecutionWorker.java:56)
	at org.gradle.process.internal.worker.child.SystemApplicationClassLoaderWorker.call(SystemApplicationClassLoaderWorker.java:121)
	at org.gradle.process.internal.worker.child.SystemApplicationClassLoaderWorker.call(SystemApplicationClassLoaderWorker.java:71)
	at worker.org.gradle.process.internal.worker.GradleWorkerMain.run(GradleWorkerMain.java:69)
	at worker.org.gradle.process.internal.worker.GradleWorkerMain.main(GradleWorkerMain.java:74)
Caused by: java.io.IOException: Error while instrumenting com/softserve/exception/UsedEntityException.
	at org.jacoco.agent.rt.internal_3570298.core.instr.Instrumenter.instrumentError(Instrumenter.java:160)
	at org.jacoco.agent.rt.internal_3570298.core.instr.Instrumenter.instrument(Instrumenter.java:110)
	at org.jacoco.agent.rt.internal_3570298.CoverageTransformer.transform(CoverageTransformer.java:92)
	... 76 more
Caused by: java.lang.IllegalArgumentException: Unsupported class file major version 63
	at org.jacoco.agent.rt.internal_3570298.asm.ClassReader.<init>(ClassReader.java:196)
	at org.jacoco.agent.rt.internal_3570298.asm.ClassReader.<init>(ClassReader.java:177)
	at org.jacoco.agent.rt.internal_3570298.asm.ClassReader.<init>(ClassReader.java:163)
	at org.jacoco.agent.rt.internal_3570298.core.internal.instr.InstrSupport.classReaderFor(InstrSupport.java:280)
	at org.jacoco.agent.rt.internal_3570298.core.instr.Instrumenter.instrument(Instrumenter.java:76)
	at org.jacoco.agent.rt.internal_3570298.core.instr.Instrumenter.instrument(Instrumenter.java:108)
	... 77 more
java.lang.instrument.IllegalClassFormatException: Error while instrumenting com/softserve/repository/SemesterRepository.
	at org.jacoco.agent.rt.internal_3570298.CoverageTransformer.transform(CoverageTransformer.java:94)
	at java.instrument/java.lang.instrument.ClassFileTransformer.transform(ClassFileTransformer.java:244)
	at java.instrument/sun.instrument.TransformerManager.transform(TransformerManager.java:188)
	at java.instrument/sun.instrument.InstrumentationImpl.transform(InstrumentationImpl.java:541)
	at java.base/java.lang.ClassLoader.defineClass1(Native Method)
	at java.base/java.lang.ClassLoader.defineClass(ClassLoader.java:1013)
	at java.base/java.security.SecureClassLoader.defineClass(SecureClassLoader.java:150)
	at java.base/jdk.internal.loader.BuiltinClassLoader.defineClass(BuiltinClassLoader.java:862)
	at java.base/jdk.internal.loader.BuiltinClassLoader.findClassOnClassPathOrNull(BuiltinClassLoader.java:760)
	at java.base/jdk.internal.loader.BuiltinClassLoader.loadClassOrNull(BuiltinClassLoader.java:681)
	at java.base/jdk.internal.loader.BuiltinClassLoader.loadClass(BuiltinClassLoader.java:639)
	at java.base/jdk.internal.loader.ClassLoaders$AppClassLoader.loadClass(ClassLoaders.java:188)
	at java.base/java.lang.ClassLoader.loadClass(ClassLoader.java:521)
	at java.base/java.lang.Class.getDeclaredFields0(Native Method)
	at java.base/java.lang.Class.privateGetDeclaredFields(Class.java:3353)
	at java.base/java.lang.Class.getDeclaredFields(Class.java:2424)
	at org.junit.runners.model.TestClass.getSortedDeclaredFields(TestClass.java:77)
	at org.junit.runners.model.TestClass.scanAnnotatedMembers(TestClass.java:70)
	at org.junit.runners.model.TestClass.<init>(TestClass.java:57)
	at org.junit.runners.ParentRunner.createTestClass(ParentRunner.java:111)
	at org.junit.runners.ParentRunner.<init>(ParentRunner.java:91)
	at org.junit.runners.BlockJUnit4ClassRunner.<init>(BlockJUnit4ClassRunner.java:74)
	at org.mockito.internal.runners.DefaultInternalRunner$1.<init>(DefaultInternalRunner.java:28)
	at org.mockito.internal.runners.DefaultInternalRunner.<init>(DefaultInternalRunner.java:28)
	at java.base/jdk.internal.reflect.DirectConstructorHandleAccessor.newInstance(DirectConstructorHandleAccessor.java:67)
	at java.base/java.lang.reflect.Constructor.newInstanceWithCaller(Constructor.java:500)
	at java.base/java.lang.reflect.Constructor.newInstance(Constructor.java:484)
	at org.mockito.internal.runners.util.RunnerProvider.newInstance(RunnerProvider.java:27)
	at org.mockito.internal.runners.RunnerFactory.create(RunnerFactory.java:69)
	at org.mockito.internal.runners.RunnerFactory.createStrict(RunnerFactory.java:40)
	at org.mockito.junit.MockitoJUnitRunner.<init>(MockitoJUnitRunner.java:154)
	at java.base/jdk.internal.reflect.DirectConstructorHandleAccessor.newInstance(DirectConstructorHandleAccessor.java:67)
	at java.base/java.lang.reflect.Constructor.newInstanceWithCaller(Constructor.java:500)
	at java.base/java.lang.reflect.Constructor.newInstance(Constructor.java:484)
	at org.junit.internal.builders.AnnotatedBuilder.buildRunner(AnnotatedBuilder.java:104)
	at org.junit.internal.builders.AnnotatedBuilder.runnerForClass(AnnotatedBuilder.java:86)
	at org.junit.runners.model.RunnerBuilder.safeRunnerForClass(RunnerBuilder.java:70)
	at org.junit.internal.builders.AllDefaultPossibilitiesBuilder.runnerForClass(AllDefaultPossibilitiesBuilder.java:37)
	at org.junit.runners.model.RunnerBuilder.safeRunnerForClass(RunnerBuilder.java:70)
	at org.junit.internal.requests.ClassRequest.createRunner(ClassRequest.java:28)
	at org.junit.internal.requests.MemoizingRequest.getRunner(MemoizingRequest.java:19)
	at org.gradle.api.internal.tasks.testing.junit.JUnitTestClassExecutor.runTestClass(JUnitTestClassExecutor.java:77)
	at org.gradle.api.internal.tasks.testing.junit.JUnitTestClassExecutor.execute(JUnitTestClassExecutor.java:58)
	at org.gradle.api.internal.tasks.testing.junit.JUnitTestClassExecutor.execute(JUnitTestClassExecutor.java:40)
	at org.gradle.api.internal.tasks.testing.junit.AbstractJUnitTestClassProcessor.processTestClass(AbstractJUnitTestClassProcessor.java:54)
	at org.gradle.api.internal.tasks.testing.SuiteTestClassProcessor.processTestClass(SuiteTestClassProcessor.java:53)
	at java.base/jdk.internal.reflect.DirectMethodHandleAccessor.invoke(DirectMethodHandleAccessor.java:104)
	at java.base/java.lang.reflect.Method.invoke(Method.java:578)
	at org.gradle.internal.dispatch.ReflectionDispatch.dispatch(ReflectionDispatch.java:36)
	at org.gradle.internal.dispatch.ReflectionDispatch.dispatch(ReflectionDispatch.java:24)
	at org.gradle.internal.dispatch.ContextClassLoaderDispatch.dispatch(ContextClassLoaderDispatch.java:33)
	at org.gradle.internal.dispatch.ProxyDispatchAdapter$DispatchingInvocationHandler.invoke(ProxyDispatchAdapter.java:92)
	at jdk.proxy2/jdk.proxy2.$Proxy6.processTestClass(Unknown Source)
	at org.gradle.api.internal.tasks.testing.worker.TestWorker$2.run(TestWorker.java:183)
	at org.gradle.api.internal.tasks.testing.worker.TestWorker.executeAndMaintainThreadName(TestWorker.java:132)
	at org.gradle.api.internal.tasks.testing.worker.TestWorker.execute(TestWorker.java:103)
	at org.gradle.api.internal.tasks.testing.worker.TestWorker.execute(TestWorker.java:63)
	at org.gradle.process.internal.worker.child.ActionExecutionWorker.execute(ActionExecutionWorker.java:56)
	at org.gradle.process.internal.worker.child.SystemApplicationClassLoaderWorker.call(SystemApplicationClassLoaderWorker.java:121)
	at org.gradle.process.internal.worker.child.SystemApplicationClassLoaderWorker.call(SystemApplicationClassLoaderWorker.java:71)
	at worker.org.gradle.process.internal.worker.GradleWorkerMain.run(GradleWorkerMain.java:69)
	at worker.org.gradle.process.internal.worker.GradleWorkerMain.main(GradleWorkerMain.java:74)
Caused by: java.io.IOException: Error while instrumenting com/softserve/repository/SemesterRepository.
	at org.jacoco.agent.rt.internal_3570298.core.instr.Instrumenter.instrumentError(Instrumenter.java:160)
	at org.jacoco.agent.rt.internal_3570298.core.instr.Instrumenter.instrument(Instrumenter.java:110)
	at org.jacoco.agent.rt.internal_3570298.CoverageTransformer.transform(CoverageTransformer.java:92)
	... 61 more
Caused by: java.lang.IllegalArgumentException: Unsupported class file major version 63
	at org.jacoco.agent.rt.internal_3570298.asm.ClassReader.<init>(ClassReader.java:196)
	at org.jacoco.agent.rt.internal_3570298.asm.ClassReader.<init>(ClassReader.java:177)
	at org.jacoco.agent.rt.internal_3570298.asm.ClassReader.<init>(ClassReader.java:163)
	at org.jacoco.agent.rt.internal_3570298.core.internal.instr.InstrSupport.classReaderFor(InstrSupport.java:280)
	at org.jacoco.agent.rt.internal_3570298.core.instr.Instrumenter.instrument(Instrumenter.java:76)
	at org.jacoco.agent.rt.internal_3570298.core.instr.Instrumenter.instrument(Instrumenter.java:108)
	... 62 more
java.lang.instrument.IllegalClassFormatException: Error while instrumenting com/softserve/service/impl/SemesterServiceImpl.
	at org.jacoco.agent.rt.internal_3570298.CoverageTransformer.transform(CoverageTransformer.java:94)
	at java.instrument/java.lang.instrument.ClassFileTransformer.transform(ClassFileTransformer.java:244)
	at java.instrument/sun.instrument.TransformerManager.transform(TransformerManager.java:188)
	at java.instrument/sun.instrument.InstrumentationImpl.transform(InstrumentationImpl.java:541)
	at java.base/java.lang.ClassLoader.defineClass1(Native Method)
	at java.base/java.lang.ClassLoader.defineClass(ClassLoader.java:1013)
	at java.base/java.security.SecureClassLoader.defineClass(SecureClassLoader.java:150)
	at java.base/jdk.internal.loader.BuiltinClassLoader.defineClass(BuiltinClassLoader.java:862)
	at java.base/jdk.internal.loader.BuiltinClassLoader.findClassOnClassPathOrNull(BuiltinClassLoader.java:760)
	at java.base/jdk.internal.loader.BuiltinClassLoader.loadClassOrNull(BuiltinClassLoader.java:681)
	at java.base/jdk.internal.loader.BuiltinClassLoader.loadClass(BuiltinClassLoader.java:639)
	at java.base/jdk.internal.loader.ClassLoaders$AppClassLoader.loadClass(ClassLoaders.java:188)
	at java.base/java.lang.ClassLoader.loadClass(ClassLoader.java:521)
	at java.base/java.lang.Class.getDeclaredFields0(Native Method)
	at java.base/java.lang.Class.privateGetDeclaredFields(Class.java:3353)
	at java.base/java.lang.Class.getDeclaredFields(Class.java:2424)
	at org.junit.runners.model.TestClass.getSortedDeclaredFields(TestClass.java:77)
	at org.junit.runners.model.TestClass.scanAnnotatedMembers(TestClass.java:70)
	at org.junit.runners.model.TestClass.<init>(TestClass.java:57)
	at org.junit.runners.ParentRunner.createTestClass(ParentRunner.java:111)
	at org.junit.runners.ParentRunner.<init>(ParentRunner.java:91)
	at org.junit.runners.BlockJUnit4ClassRunner.<init>(BlockJUnit4ClassRunner.java:74)
	at org.mockito.internal.runners.DefaultInternalRunner$1.<init>(DefaultInternalRunner.java:28)
	at org.mockito.internal.runners.DefaultInternalRunner.<init>(DefaultInternalRunner.java:28)
	at java.base/jdk.internal.reflect.DirectConstructorHandleAccessor.newInstance(DirectConstructorHandleAccessor.java:67)
	at java.base/java.lang.reflect.Constructor.newInstanceWithCaller(Constructor.java:500)
	at java.base/java.lang.reflect.Constructor.newInstance(Constructor.java:484)
	at org.mockito.internal.runners.util.RunnerProvider.newInstance(RunnerProvider.java:27)
	at org.mockito.internal.runners.RunnerFactory.create(RunnerFactory.java:69)
	at org.mockito.internal.runners.RunnerFactory.createStrict(RunnerFactory.java:40)
	at org.mockito.junit.MockitoJUnitRunner.<init>(MockitoJUnitRunner.java:154)
	at java.base/jdk.internal.reflect.DirectConstructorHandleAccessor.newInstance(DirectConstructorHandleAccessor.java:67)
	at java.base/java.lang.reflect.Constructor.newInstanceWithCaller(Constructor.java:500)
	at java.base/java.lang.reflect.Constructor.newInstance(Constructor.java:484)
	at org.junit.internal.builders.AnnotatedBuilder.buildRunner(AnnotatedBuilder.java:104)
	at org.junit.internal.builders.AnnotatedBuilder.runnerForClass(AnnotatedBuilder.java:86)
	at org.junit.runners.model.RunnerBuilder.safeRunnerForClass(RunnerBuilder.java:70)
	at org.junit.internal.builders.AllDefaultPossibilitiesBuilder.runnerForClass(AllDefaultPossibilitiesBuilder.java:37)
	at org.junit.runners.model.RunnerBuilder.safeRunnerForClass(RunnerBuilder.java:70)
	at org.junit.internal.requests.ClassRequest.createRunner(ClassRequest.java:28)
	at org.junit.internal.requests.MemoizingRequest.getRunner(MemoizingRequest.java:19)
	at org.gradle.api.internal.tasks.testing.junit.JUnitTestClassExecutor.runTestClass(JUnitTestClassExecutor.java:77)
	at org.gradle.api.internal.tasks.testing.junit.JUnitTestClassExecutor.execute(JUnitTestClassExecutor.java:58)
	at org.gradle.api.internal.tasks.testing.junit.JUnitTestClassExecutor.execute(JUnitTestClassExecutor.java:40)
	at org.gradle.api.internal.tasks.testing.junit.AbstractJUnitTestClassProcessor.processTestClass(AbstractJUnitTestClassProcessor.java:54)
	at org.gradle.api.internal.tasks.testing.SuiteTestClassProcessor.processTestClass(SuiteTestClassProcessor.java:53)
	at java.base/jdk.internal.reflect.DirectMethodHandleAccessor.invoke(DirectMethodHandleAccessor.java:104)
	at java.base/java.lang.reflect.Method.invoke(Method.java:578)
	at org.gradle.internal.dispatch.ReflectionDispatch.dispatch(ReflectionDispatch.java:36)
	at org.gradle.internal.dispatch.ReflectionDispatch.dispatch(ReflectionDispatch.java:24)
	at org.gradle.internal.dispatch.ContextClassLoaderDispatch.dispatch(ContextClassLoaderDispatch.java:33)
	at org.gradle.internal.dispatch.ProxyDispatchAdapter$DispatchingInvocationHandler.invoke(ProxyDispatchAdapter.java:92)
	at jdk.proxy2/jdk.proxy2.$Proxy6.processTestClass(Unknown Source)
	at org.gradle.api.internal.tasks.testing.worker.TestWorker$2.run(TestWorker.java:183)
	at org.gradle.api.internal.tasks.testing.worker.TestWorker.executeAndMaintainThreadName(TestWorker.java:132)
	at org.gradle.api.internal.tasks.testing.worker.TestWorker.execute(TestWorker.java:103)
	at org.gradle.api.internal.tasks.testing.worker.TestWorker.execute(TestWorker.java:63)
	at org.gradle.process.internal.worker.child.ActionExecutionWorker.execute(ActionExecutionWorker.java:56)
	at org.gradle.process.internal.worker.child.SystemApplicationClassLoaderWorker.call(SystemApplicationClassLoaderWorker.java:121)
	at org.gradle.process.internal.worker.child.SystemApplicationClassLoaderWorker.call(SystemApplicationClassLoaderWorker.java:71)
	at worker.org.gradle.process.internal.worker.GradleWorkerMain.run(GradleWorkerMain.java:69)
	at worker.org.gradle.process.internal.worker.GradleWorkerMain.main(GradleWorkerMain.java:74)
Caused by: java.io.IOException: Error while instrumenting com/softserve/service/impl/SemesterServiceImpl.
	at org.jacoco.agent.rt.internal_3570298.core.instr.Instrumenter.instrumentError(Instrumenter.java:160)
	at org.jacoco.agent.rt.internal_3570298.core.instr.Instrumenter.instrument(Instrumenter.java:110)
	at org.jacoco.agent.rt.internal_3570298.CoverageTransformer.transform(CoverageTransformer.java:92)
	... 61 more
Caused by: java.lang.IllegalArgumentException: Unsupported class file major version 63
	at org.jacoco.agent.rt.internal_3570298.asm.ClassReader.<init>(ClassReader.java:196)
	at org.jacoco.agent.rt.internal_3570298.asm.ClassReader.<init>(ClassReader.java:177)
	at org.jacoco.agent.rt.internal_3570298.asm.ClassReader.<init>(ClassReader.java:163)
	at org.jacoco.agent.rt.internal_3570298.core.internal.instr.InstrSupport.classReaderFor(InstrSupport.java:280)
	at org.jacoco.agent.rt.internal_3570298.core.instr.Instrumenter.instrument(Instrumenter.java:76)
	at org.jacoco.agent.rt.internal_3570298.core.instr.Instrumenter.instrument(Instrumenter.java:108)
	... 62 more
]]></system-err>
</testsuite>
